

Version:	3.14
CmdLine:	C:\Users\shaik\OneDrive\Documents\CS203\Project3 EXE\DanialAnthonyGame.exe --l4j-debug
WOW64:		yes
Working dir:	C:\Users\shaik\OneDrive\Documents\CS203\Project3 EXE\.
Java min ver:	1.013.000
Java max ver:	
64-bit search:	SOFTWARE\JavaSoft\Java Runtime Environment...
32-bit search:	SOFTWARE\JavaSoft\Java Runtime Environment...
64-bit search:	SOFTWARE\JavaSoft\Java Development Kit...
32-bit search:	SOFTWARE\JavaSoft\Java Development Kit...
64-bit search:	SOFTWARE\JavaSoft\JRE...
32-bit search:	SOFTWARE\JavaSoft\JRE...
64-bit search:	SOFTWARE\JavaSoft\JDK...
Check:		SOFTWARE\JavaSoft\JDK\15.0.1
Check launcher:	C:\Program Files\Java\jdk-15.0.1\bin\javaw.exe (OK)
Match:		1.015.000_001
Runtime used:	1.015.000_001 (64-bit)
Launcher:	C:\Program Files\Java\jdk-15.0.1\bin\javaw.exe
Launcher args:	-jar "C:\Users\shaik\OneDrive\Documents\CS203\Project3 EXE\DanialAnthonyGame.exe"
Args length:	81/32768 chars
Exit code:	0


Version:	3.14
CmdLine:	C:\Users\shaik\OneDrive\Documents\CS203\Project3 EXE\DanialAnthonyGame.exe --l4j-debug
WOW64:		yes
Working dir:	C:\Users\shaik\OneDrive\Documents\CS203\Project3 EXE\.
Java min ver:	1.013.000
Java max ver:	
64-bit search:	SOFTWARE\JavaSoft\Java Runtime Environment...
32-bit search:	SOFTWARE\JavaSoft\Java Runtime Environment...
64-bit search:	SOFTWARE\JavaSoft\Java Development Kit...
32-bit search:	SOFTWARE\JavaSoft\Java Development Kit...
64-bit search:	SOFTWARE\JavaSoft\JRE...
32-bit search:	SOFTWARE\JavaSoft\JRE...
64-bit search:	SOFTWARE\JavaSoft\JDK...
Check:		SOFTWARE\JavaSoft\JDK\15.0.1
Check launcher:	C:\Program Files\Java\jdk-15.0.1\bin\javaw.exe (OK)
Match:		1.015.000_001
Runtime used:	1.015.000_001 (64-bit)
Launcher:	C:\Program Files\Java\jdk-15.0.1\bin\javaw.exe
Launcher args:	-jar "C:\Users\shaik\OneDrive\Documents\CS203\Project3 EXE\DanialAnthonyGame.exe"
Args length:	81/32768 chars
Exit code:	0


Version:	3.14
CmdLine:	C:\Users\shaik\OneDrive\Documents\CS203\Project3 EXE\DanialAnthonyGame.exe --l4j-debug
WOW64:		yes
Working dir:	C:\Users\shaik\OneDrive\Documents\CS203\Project3 EXE\.
Java min ver:	1.013.000
Java max ver:	
64-bit search:	SOFTWARE\JavaSoft\Java Runtime Environment...
32-bit search:	SOFTWARE\JavaSoft\Java Runtime Environment...
64-bit search:	SOFTWARE\JavaSoft\Java Development Kit...
32-bit search:	SOFTWARE\JavaSoft\Java Development Kit...
64-bit search:	SOFTWARE\JavaSoft\JRE...
32-bit search:	SOFTWARE\JavaSoft\JRE...
64-bit search:	SOFTWARE\JavaSoft\JDK...
Check:		SOFTWARE\JavaSoft\JDK\15.0.1
Check launcher:	C:\Program Files\Java\jdk-15.0.1\bin\javaw.exe (OK)
Match:		1.015.000_001
Runtime used:	1.015.000_001 (64-bit)
Launcher:	C:\Program Files\Java\jdk-15.0.1\bin\javaw.exe
Launcher args:	-jar "C:\Users\shaik\OneDrive\Documents\CS203\Project3 EXE\DanialAnthonyGame.exe"
Args length:	81/32768 chars
Exit code:	0


Version:	3.14
CmdLine:	C:\Users\shaik\OneDrive\Documents\CS203\Project3 EXE\DanialAnthonyGame.exe --l4j-debug
WOW64:		yes
Working dir:	C:\Users\shaik\OneDrive\Documents\CS203\Project3 EXE\.
Java min ver:	1.013.000
Java max ver:	
64-bit search:	SOFTWARE\JavaSoft\Java Runtime Environment...
32-bit search:	SOFTWARE\JavaSoft\Java Runtime Environment...
64-bit search:	SOFTWARE\JavaSoft\Java Development Kit...
32-bit search:	SOFTWARE\JavaSoft\Java Development Kit...
64-bit search:	SOFTWARE\JavaSoft\JRE...
32-bit search:	SOFTWARE\JavaSoft\JRE...
64-bit search:	SOFTWARE\JavaSoft\JDK...
Check:		SOFTWARE\JavaSoft\JDK\15.0.1
Check launcher:	C:\Program Files\Java\jdk-15.0.1\bin\javaw.exe (OK)
Match:		1.015.000_001
Runtime used:	1.015.000_001 (64-bit)
Launcher:	C:\Program Files\Java\jdk-15.0.1\bin\javaw.exe
Launcher args:	-jar "C:\Users\shaik\OneDrive\Documents\CS203\Project3 EXE\DanialAnthonyGame.exe"
Args length:	81/32768 chars
Exit code:	0


Version:	3.14
CmdLine:	C:\Users\shaik\OneDrive\Documents\CS203\Project3 EXE\DanialAnthonyGame.exe --l4j-debug
WOW64:		yes
Working dir:	C:\Users\shaik\OneDrive\Documents\CS203\Project3 EXE\.
Java min ver:	1.013.000
Java max ver:	
64-bit search:	SOFTWARE\JavaSoft\Java Runtime Environment...
32-bit search:	SOFTWARE\JavaSoft\Java Runtime Environment...
64-bit search:	SOFTWARE\JavaSoft\Java Development Kit...
32-bit search:	SOFTWARE\JavaSoft\Java Development Kit...
64-bit search:	SOFTWARE\JavaSoft\JRE...
32-bit search:	SOFTWARE\JavaSoft\JRE...
64-bit search:	SOFTWARE\JavaSoft\JDK...
Check:		SOFTWARE\JavaSoft\JDK\15.0.1
Check launcher:	C:\Program Files\Java\jdk-15.0.1\bin\javaw.exe (OK)
Match:		1.015.000_001
Runtime used:	1.015.000_001 (64-bit)
Launcher:	C:\Program Files\Java\jdk-15.0.1\bin\javaw.exe
Launcher args:	-jar "C:\Users\shaik\OneDrive\Documents\CS203\Project3 EXE\DanialAnthonyGame.exe"
Args length:	81/32768 chars
Exit code:	0


Version:	3.14
CmdLine:	C:\Users\shaik\OneDrive\Documents\CS203\Project3 EXE\DanialAnthonyGame.exe --l4j-debug
WOW64:		yes
Working dir:	C:\Users\shaik\OneDrive\Documents\CS203\Project3 EXE\.
Java min ver:	1.013.000
Java max ver:	
64-bit search:	SOFTWARE\JavaSoft\Java Runtime Environment...
32-bit search:	SOFTWARE\JavaSoft\Java Runtime Environment...
64-bit search:	SOFTWARE\JavaSoft\Java Development Kit...
32-bit search:	SOFTWARE\JavaSoft\Java Development Kit...
64-bit search:	SOFTWARE\JavaSoft\JRE...
32-bit search:	SOFTWARE\JavaSoft\JRE...
64-bit search:	SOFTWARE\JavaSoft\JDK...
Check:		SOFTWARE\JavaSoft\JDK\15.0.1
Check launcher:	C:\Program Files\Java\jdk-15.0.1\bin\javaw.exe (OK)
Match:		1.015.000_001
Runtime used:	1.015.000_001 (64-bit)
Launcher:	C:\Program Files\Java\jdk-15.0.1\bin\javaw.exe
Launcher args:	-jar "C:\Users\shaik\OneDrive\Documents\CS203\Project3 EXE\DanialAnthonyGame.exe"
Args length:	81/32768 chars
Exit code:	0
